# JRE version: OpenJDK Runtime Environment Temurin-17.0.7+7 (17.0.7+7) (build 17.0.7+7)
# Java VM: OpenJDK 64-Bit Server VM Temurin-17.0.7+7 (17.0.7+7, mixed mode, tiered, compressed oops, compressed class ptrs, g1 gc, windows-amd64)
GC Precious Log:
 CPUs: 12 total, 12 available
 Memory: 7876M
 Large Page Support: Disabled
 NUMA Support: Disabled
 Compressed Oops: Enabled (32-bit)
 Heap Region Size: 1M
 Heap Min Capacity: 8M
 Heap Initial Capacity: 124M
 Heap Max Capacity: 2G
 Pre-touch: Disabled
 Parallel Workers: 10
 Concurrent Workers: 3
 Concurrent Refinement Workers: 10
 Periodic GC: Disabled
Heap:
 garbage-first heap   total 107520K, used 40319K [0x0000000080000000, 0x0000000100000000)
  region size 1024K, 13 young (13312K), 3 survivors (3072K)
 Metaspace       used 32060K, committed 32448K, reserved 1114112K
  class space    used 3320K, committed 3520K, reserved 1048576K
GC Heap History (16 events):
Event: 0.699 GC heap before
{Heap before GC invocations=0 (full 0):
 garbage-first heap   total 126976K, used 27648K [0x0000000080000000, 0x0000000100000000)
  region size 1024K, 23 young (23552K), 0 survivors (0K)
 Metaspace       used 6730K, committed 6976K, reserved 1114112K
  class space    used 523K, committed 640K, reserved 1048576K
}
Event: 0.709 GC heap after
{Heap after GC invocations=1 (full 0):
 garbage-first heap   total 126976K, used 17528K [0x0000000080000000, 0x0000000100000000)
  region size 1024K, 3 young (3072K), 3 survivors (3072K)
 Metaspace       used 6730K, committed 6976K, reserved 1114112K
  class space    used 523K, committed 640K, reserved 1048576K
}
Event: 1.491 GC heap before
{Heap before GC invocations=1 (full 0):
 garbage-first heap   total 126976K, used 35960K [0x0000000080000000, 0x0000000100000000)
  region size 1024K, 21 young (21504K), 3 survivors (3072K)
 Metaspace       used 11983K, committed 12224K, reserved 1114112K
  class space    used 1011K, committed 1152K, reserved 1048576K
}
Event: 1.498 GC heap after
{Heap after GC invocations=2 (full 0):
 garbage-first heap   total 126976K, used 19867K [0x0000000080000000, 0x0000000100000000)
  region size 1024K, 2 young (2048K), 2 survivors (2048K)
 Metaspace       used 11983K, committed 12224K, reserved 1114112K
  class space    used 1011K, committed 1152K, reserved 1048576K
}
Event: 2.343 GC heap before
{Heap before GC invocations=2 (full 0):
 garbage-first heap   total 126976K, used 59803K [0x0000000080000000, 0x0000000100000000)
  region size 1024K, 42 young (43008K), 2 survivors (2048K)
 Metaspace       used 18503K, committed 18752K, reserved 1114112K
  class space    used 1747K, committed 1856K, reserved 1048576K
}
Event: 2.356 GC heap after
{Heap after GC invocations=3 (full 0):
 garbage-first heap   total 126976K, used 23937K [0x0000000080000000, 0x0000000100000000)
  region size 1024K, 6 young (6144K), 6 survivors (6144K)
 Metaspace       used 18503K, committed 18752K, reserved 1114112K
  class space    used 1747K, committed 1856K, reserved 1048576K
}
Event: 2.750 GC heap before
{Heap before GC invocations=3 (full 0):
 garbage-first heap   total 126976K, used 40321K [0x0000000080000000, 0x0000000100000000)
  region size 1024K, 23 young (23552K), 6 survivors (6144K)
 Metaspace       used 21353K, committed 21504K, reserved 1114112K
  class space    used 2240K, committed 2304K, reserved 1048576K
}
Event: 2.760 GC heap after
{Heap after GC invocations=4 (full 0):
 garbage-first heap   total 126976K, used 25314K [0x0000000080000000, 0x0000000100000000)
  region size 1024K, 2 young (2048K), 2 survivors (2048K)
 Metaspace       used 21353K, committed 21504K, reserved 1114112K
  class space    used 2240K, committed 2304K, reserved 1048576K
}
Event: 3.210 GC heap before
{Heap before GC invocations=5 (full 0):
 garbage-first heap   total 89088K, used 69346K [0x0000000080000000, 0x0000000100000000)
  region size 1024K, 46 young (47104K), 2 survivors (2048K)
 Metaspace       used 22272K, committed 22464K, reserved 1114112K
  class space    used 2337K, committed 2432K, reserved 1048576K
}
Event: 3.218 GC heap after
{Heap after GC invocations=6 (full 0):
 garbage-first heap   total 89088K, used 25665K [0x0000000080000000, 0x0000000100000000)
  region size 1024K, 3 young (3072K), 3 survivors (3072K)
 Metaspace       used 22272K, committed 22464K, reserved 1114112K
  class space    used 2337K, committed 2432K, reserved 1048576K
}
Event: 3.990 GC heap before
{Heap before GC invocations=6 (full 0):
 garbage-first heap   total 89088K, used 59457K [0x0000000080000000, 0x0000000100000000)
  region size 1024K, 36 young (36864K), 3 survivors (3072K)
 Metaspace       used 26517K, committed 26816K, reserved 1114112K
  class space    used 2773K, committed 2880K, reserved 1048576K
}
Event: 4.002 GC heap after
{Heap after GC invocations=7 (full 0):
 garbage-first heap   total 107520K, used 28279K [0x0000000080000000, 0x0000000100000000)
  region size 1024K, 5 young (5120K), 5 survivors (5120K)
 Metaspace       used 26517K, committed 26816K, reserved 1114112K
  class space    used 2773K, committed 2880K, reserved 1048576K
}
Event: 5.580 GC heap before
{Heap before GC invocations=7 (full 0):
 garbage-first heap   total 107520K, used 78455K [0x0000000080000000, 0x0000000100000000)
  region size 1024K, 52 young (53248K), 5 survivors (5120K)
 Metaspace       used 30396K, committed 30720K, reserved 1114112K
  class space    used 3145K, committed 3328K, reserved 1048576K
}
Event: 5.596 GC heap after
{Heap after GC invocations=8 (full 0):
 garbage-first heap   total 107520K, used 30075K [0x0000000080000000, 0x0000000100000000)
  region size 1024K, 6 young (6144K), 6 survivors (6144K)
 Metaspace       used 30396K, committed 30720K, reserved 1114112K
  class space    used 3145K, committed 3328K, reserved 1048576K
}
Event: 6.195 GC heap before
{Heap before GC invocations=8 (full 0):
 garbage-first heap   total 107520K, used 76155K [0x0000000080000000, 0x0000000100000000)
  region size 1024K, 51 young (52224K), 6 survivors (6144K)
 Metaspace       used 31507K, committed 31936K, reserved 1114112K
  class space    used 3269K, committed 3456K, reserved 1048576K
}
Event: 6.215 GC heap after
{Heap after GC invocations=9 (full 0):
 garbage-first heap   total 107520K, used 31103K [0x0000000080000000, 0x0000000100000000)
  region size 1024K, 3 young (3072K), 3 survivors (3072K)
 Metaspace       used 31507K, committed 31936K, reserved 1114112K
  class space    used 3269K, committed 3456K, reserved 1048576K
}

