# JRE version: OpenJDK Runtime Environment Temurin-17.0.7+7 (17.0.7+7) (build 17.0.7+7)
# Java VM: OpenJDK 64-Bit Server VM Temurin-17.0.7+7 (17.0.7+7, mixed mode, tiered, compressed oops, compressed class ptrs, g1 gc, windows-amd64)
GC Precious Log:
 CPUs: 12 total, 12 available
 Memory: 7876M
 Large Page Support: Disabled
 NUMA Support: Disabled
 Compressed Oops: Enabled (32-bit)
 Heap Region Size: 1M
 Heap Min Capacity: 8M
 Heap Initial Capacity: 124M
 Heap Max Capacity: 2G
 Pre-touch: Disabled
 Parallel Workers: 10
 Concurrent Workers: 3
 Concurrent Refinement Workers: 10
 Periodic GC: Disabled
Heap:
 garbage-first heap   total 130048K, used 86247K [0x0000000080000000, 0x0000000100000000)
  region size 1024K, 54 young (55296K), 8 survivors (8192K)
 Metaspace       used 48632K, committed 49216K, reserved 1114112K
  class space    used 5599K, committed 5824K, reserved 1048576K
GC Heap History (20 events):
Event: 0.843 GC heap before
{Heap before GC invocations=1 (full 0):
 garbage-first heap   total 126976K, used 35529K [0x0000000080000000, 0x0000000100000000)
  region size 1024K, 21 young (21504K), 3 survivors (3072K)
 Metaspace       used 11538K, committed 11776K, reserved 1114112K
  class space    used 991K, committed 1088K, reserved 1048576K
}
Event: 0.849 GC heap after
{Heap after GC invocations=2 (full 0):
 garbage-first heap   total 126976K, used 20509K [0x0000000080000000, 0x0000000100000000)
  region size 1024K, 2 young (2048K), 2 survivors (2048K)
 Metaspace       used 11538K, committed 11776K, reserved 1114112K
  class space    used 991K, committed 1088K, reserved 1048576K
}
Event: 1.507 GC heap before
{Heap before GC invocations=2 (full 0):
 garbage-first heap   total 126976K, used 59421K [0x0000000080000000, 0x0000000100000000)
  region size 1024K, 41 young (41984K), 2 survivors (2048K)
 Metaspace       used 18238K, committed 18496K, reserved 1114112K
  class space    used 1724K, committed 1856K, reserved 1048576K
}
Event: 1.515 GC heap after
{Heap after GC invocations=3 (full 0):
 garbage-first heap   total 126976K, used 24557K [0x0000000080000000, 0x0000000100000000)
  region size 1024K, 6 young (6144K), 6 survivors (6144K)
 Metaspace       used 18238K, committed 18496K, reserved 1114112K
  class space    used 1724K, committed 1856K, reserved 1048576K
}
Event: 1.741 GC heap before
{Heap before GC invocations=3 (full 0):
 garbage-first heap   total 126976K, used 41965K [0x0000000080000000, 0x0000000100000000)
  region size 1024K, 24 young (24576K), 6 survivors (6144K)
 Metaspace       used 21323K, committed 21504K, reserved 1114112K
  class space    used 2238K, committed 2304K, reserved 1048576K
}
Event: 1.749 GC heap after
{Heap after GC invocations=4 (full 0):
 garbage-first heap   total 126976K, used 25791K [0x0000000080000000, 0x0000000100000000)
  region size 1024K, 2 young (2048K), 2 survivors (2048K)
 Metaspace       used 21323K, committed 21504K, reserved 1114112K
  class space    used 2238K, committed 2304K, reserved 1048576K
}
Event: 2.037 GC heap before
{Heap before GC invocations=5 (full 0):
 garbage-first heap   total 92160K, used 72895K [0x0000000080000000, 0x0000000100000000)
  region size 1024K, 49 young (50176K), 2 survivors (2048K)
 Metaspace       used 22229K, committed 22464K, reserved 1114112K
  class space    used 2335K, committed 2432K, reserved 1048576K
}
Event: 2.042 GC heap after
{Heap after GC invocations=6 (full 0):
 garbage-first heap   total 110592K, used 26167K [0x0000000080000000, 0x0000000100000000)
  region size 1024K, 3 young (3072K), 3 survivors (3072K)
 Metaspace       used 22229K, committed 22464K, reserved 1114112K
  class space    used 2335K, committed 2432K, reserved 1048576K
}
Event: 2.932 GC heap before
{Heap before GC invocations=6 (full 0):
 garbage-first heap   total 110592K, used 77367K [0x0000000080000000, 0x0000000100000000)
  region size 1024K, 53 young (54272K), 3 survivors (3072K)
 Metaspace       used 29172K, committed 29568K, reserved 1114112K
  class space    used 3069K, committed 3264K, reserved 1048576K
}
Event: 2.939 GC heap after
{Heap after GC invocations=7 (full 0):
 garbage-first heap   total 110592K, used 30263K [0x0000000080000000, 0x0000000100000000)
  region size 1024K, 7 young (7168K), 7 survivors (7168K)
 Metaspace       used 29172K, committed 29568K, reserved 1114112K
  class space    used 3069K, committed 3264K, reserved 1048576K
}
Event: 3.326 GC heap before
{Heap before GC invocations=7 (full 0):
 garbage-first heap   total 110592K, used 81463K [0x0000000080000000, 0x0000000100000000)
  region size 1024K, 54 young (55296K), 7 survivors (7168K)
 Metaspace       used 30364K, committed 30784K, reserved 1114112K
  class space    used 3150K, committed 3328K, reserved 1048576K
}
Event: 3.340 GC heap after
{Heap after GC invocations=8 (full 0):
 garbage-first heap   total 110592K, used 30983K [0x0000000080000000, 0x0000000100000000)
  region size 1024K, 1 young (1024K), 1 survivors (1024K)
 Metaspace       used 30364K, committed 30784K, reserved 1114112K
  class space    used 3150K, committed 3328K, reserved 1048576K
}
Event: 3.908 GC heap before
{Heap before GC invocations=8 (full 0):
 garbage-first heap   total 110592K, used 82183K [0x0000000080000000, 0x0000000100000000)
  region size 1024K, 51 young (52224K), 1 survivors (1024K)
 Metaspace       used 33478K, committed 33920K, reserved 1114112K
  class space    used 3488K, committed 3712K, reserved 1048576K
}
Event: 3.915 GC heap after
{Heap after GC invocations=9 (full 0):
 garbage-first heap   total 110592K, used 32362K [0x0000000080000000, 0x0000000100000000)
  region size 1024K, 3 young (3072K), 3 survivors (3072K)
 Metaspace       used 33478K, committed 33920K, reserved 1114112K
  class space    used 3488K, committed 3712K, reserved 1048576K
}
Event: 4.371 GC heap before
{Heap before GC invocations=9 (full 0):
 garbage-first heap   total 110592K, used 84586K [0x0000000080000000, 0x0000000100000000)
  region size 1024K, 54 young (55296K), 3 survivors (3072K)
 Metaspace       used 34545K, committed 35008K, reserved 1114112K
  class space    used 3584K, committed 3776K, reserved 1048576K
}
Event: 4.382 GC heap after
{Heap after GC invocations=10 (full 0):
 garbage-first heap   total 110592K, used 35936K [0x0000000080000000, 0x0000000100000000)
  region size 1024K, 6 young (6144K), 6 survivors (6144K)
 Metaspace       used 34545K, committed 35008K, reserved 1114112K
  class space    used 3584K, committed 3776K, reserved 1048576K
}
Event: 4.557 GC heap before
{Heap before GC invocations=10 (full 0):
 garbage-first heap   total 110592K, used 42080K [0x0000000080000000, 0x0000000100000000)
  region size 1024K, 13 young (13312K), 6 survivors (6144K)
 Metaspace       used 35529K, committed 35968K, reserved 1114112K
  class space    used 3739K, committed 3968K, reserved 1048576K
}
Event: 4.565 GC heap after
{Heap after GC invocations=11 (full 0):
 garbage-first heap   total 133120K, used 36260K [0x0000000080000000, 0x0000000100000000)
  region size 1024K, 4 young (4096K), 4 survivors (4096K)
 Metaspace       used 35529K, committed 35968K, reserved 1114112K
  class space    used 3739K, committed 3968K, reserved 1048576K
}
Event: 11.784 GC heap before
{Heap before GC invocations=12 (full 0):
 garbage-first heap   total 130048K, used 99748K [0x0000000080000000, 0x0000000100000000)
  region size 1024K, 67 young (68608K), 4 survivors (4096K)
 Metaspace       used 46220K, committed 46720K, reserved 1114112K
  class space    used 5273K, committed 5504K, reserved 1048576K
}
Event: 11.796 GC heap after
{Heap after GC invocations=13 (full 0):
 garbage-first heap   total 130048K, used 40167K [0x0000000080000000, 0x0000000100000000)
  region size 1024K, 8 young (8192K), 8 survivors (8192K)
 Metaspace       used 46220K, committed 46720K, reserved 1114112K
  class space    used 5273K, committed 5504K, reserved 1048576K
}

